[0.125s] DEBUG:colcon:Command line arguments: ['/usr/bin/colcon', 'build']
[0.125s] DEBUG:colcon:Parsed command line arguments: Namespace(log_base=None, log_level=None, verb_name='build', build_base='build', install_base='install', merge_install=False, symlink_install=False, test_result_base=None, continue_on_error=False, executor='parallel', parallel_workers=12, event_handlers=None, ignore_user_meta=False, metas=['./colcon.meta'], base_paths=['.'], packages_ignore=None, packages_ignore_regex=None, paths=None, packages_up_to=None, packages_up_to_regex=None, packages_above=None, packages_above_and_dependencies=None, packages_above_depth=None, packages_select_by_dep=None, packages_skip_by_dep=None, packages_skip_up_to=None, packages_select_build_failed=False, packages_skip_build_finished=False, packages_select_test_failures=False, packages_skip_test_passed=False, packages_select=None, packages_skip=None, packages_select_regex=None, packages_skip_regex=None, packages_start=None, packages_end=None, allow_overriding=[], cmake_args=None, cmake_target=None, cmake_target_skip_unavailable=False, cmake_clean_cache=False, cmake_clean_first=False, cmake_force_configure=False, ament_cmake_args=None, catkin_cmake_args=None, catkin_skip_building_tests=False, mixin_files=None, mixin=None, verb_parser=<colcon_mixin.mixin.mixin_argument.MixinArgumentDecorator object at 0x7f25f3465900>, verb_extension=<colcon_core.verb.build.BuildVerb object at 0x7f25f34653c0>, main=<bound method BuildVerb.main of <colcon_core.verb.build.BuildVerb object at 0x7f25f34653c0>>, mixin_verb=('build',))
[0.301s] Level 1:colcon.colcon_core.package_discovery:discover_packages(colcon_meta) check parameters
[0.301s] Level 1:colcon.colcon_core.package_discovery:discover_packages(recursive) check parameters
[0.301s] Level 1:colcon.colcon_core.package_discovery:discover_packages(ignore) check parameters
[0.301s] Level 1:colcon.colcon_core.package_discovery:discover_packages(path) check parameters
[0.301s] Level 1:colcon.colcon_core.package_discovery:discover_packages(colcon_meta) discover
[0.301s] Level 1:colcon.colcon_core.package_discovery:discover_packages(recursive) discover
[0.301s] INFO:colcon.colcon_core.package_discovery:Crawling recursively for packages in '/home/sten/gazebo/4_gazebo_lidar/build'
[0.301s] Level 1:colcon.colcon_core.package_identification:_identify(.) by extensions ['ignore', 'ignore_ament_install']
[0.301s] Level 1:colcon.colcon_core.package_identification:_identify(.) by extension 'ignore'
[0.301s] Level 1:colcon.colcon_core.package_identification:_identify(.) by extension 'ignore_ament_install'
[0.301s] Level 1:colcon.colcon_core.package_identification:_identify(.) by extensions ['colcon_pkg']
[0.302s] Level 1:colcon.colcon_core.package_identification:_identify(.) by extension 'colcon_pkg'
[0.302s] Level 1:colcon.colcon_core.package_identification:_identify(.) by extensions ['colcon_meta']
[0.302s] Level 1:colcon.colcon_core.package_identification:_identify(.) by extension 'colcon_meta'
[0.302s] Level 1:colcon.colcon_core.package_identification:_identify(.) by extensions ['ros']
[0.302s] Level 1:colcon.colcon_core.package_identification:_identify(.) by extension 'ros'
[0.313s] Level 1:colcon.colcon_core.package_identification:_identify(.) by extensions ['cmake', 'python']
[0.313s] Level 1:colcon.colcon_core.package_identification:_identify(.) by extension 'cmake'
[0.313s] Level 1:colcon.colcon_core.package_identification:_identify(.) by extension 'python'
[0.313s] Level 1:colcon.colcon_core.package_identification:_identify(.) by extensions ['python_setup_py']
[0.313s] Level 1:colcon.colcon_core.package_identification:_identify(.) by extension 'python_setup_py'
[0.313s] Level 1:colcon.colcon_core.package_identification:_identify(CMakeFiles) by extensions ['ignore', 'ignore_ament_install']
[0.314s] Level 1:colcon.colcon_core.package_identification:_identify(CMakeFiles) by extension 'ignore'
[0.314s] Level 1:colcon.colcon_core.package_identification:_identify(CMakeFiles) by extension 'ignore_ament_install'
[0.314s] Level 1:colcon.colcon_core.package_identification:_identify(CMakeFiles) by extensions ['colcon_pkg']
[0.314s] Level 1:colcon.colcon_core.package_identification:_identify(CMakeFiles) by extension 'colcon_pkg'
[0.314s] Level 1:colcon.colcon_core.package_identification:_identify(CMakeFiles) by extensions ['colcon_meta']
[0.314s] Level 1:colcon.colcon_core.package_identification:_identify(CMakeFiles) by extension 'colcon_meta'
[0.314s] Level 1:colcon.colcon_core.package_identification:_identify(CMakeFiles) by extensions ['ros']
[0.314s] Level 1:colcon.colcon_core.package_identification:_identify(CMakeFiles) by extension 'ros'
[0.314s] Level 1:colcon.colcon_core.package_identification:_identify(CMakeFiles) by extensions ['cmake', 'python']
[0.314s] Level 1:colcon.colcon_core.package_identification:_identify(CMakeFiles) by extension 'cmake'
[0.314s] Level 1:colcon.colcon_core.package_identification:_identify(CMakeFiles) by extension 'python'
[0.314s] Level 1:colcon.colcon_core.package_identification:_identify(CMakeFiles) by extensions ['python_setup_py']
[0.314s] Level 1:colcon.colcon_core.package_identification:_identify(CMakeFiles) by extension 'python_setup_py'
[0.314s] Level 1:colcon.colcon_core.package_identification:_identify(CMakeFiles/3.22.1) by extensions ['ignore', 'ignore_ament_install']
[0.314s] Level 1:colcon.colcon_core.package_identification:_identify(CMakeFiles/3.22.1) by extension 'ignore'
[0.314s] Level 1:colcon.colcon_core.package_identification:_identify(CMakeFiles/3.22.1) by extension 'ignore_ament_install'
[0.314s] Level 1:colcon.colcon_core.package_identification:_identify(CMakeFiles/3.22.1) by extensions ['colcon_pkg']
[0.314s] Level 1:colcon.colcon_core.package_identification:_identify(CMakeFiles/3.22.1) by extension 'colcon_pkg'
[0.314s] Level 1:colcon.colcon_core.package_identification:_identify(CMakeFiles/3.22.1) by extensions ['colcon_meta']
[0.315s] Level 1:colcon.colcon_core.package_identification:_identify(CMakeFiles/3.22.1) by extension 'colcon_meta'
[0.315s] Level 1:colcon.colcon_core.package_identification:_identify(CMakeFiles/3.22.1) by extensions ['ros']
[0.315s] Level 1:colcon.colcon_core.package_identification:_identify(CMakeFiles/3.22.1) by extension 'ros'
[0.315s] Level 1:colcon.colcon_core.package_identification:_identify(CMakeFiles/3.22.1) by extensions ['cmake', 'python']
[0.315s] Level 1:colcon.colcon_core.package_identification:_identify(CMakeFiles/3.22.1) by extension 'cmake'
[0.315s] Level 1:colcon.colcon_core.package_identification:_identify(CMakeFiles/3.22.1) by extension 'python'
[0.315s] Level 1:colcon.colcon_core.package_identification:_identify(CMakeFiles/3.22.1) by extensions ['python_setup_py']
[0.315s] Level 1:colcon.colcon_core.package_identification:_identify(CMakeFiles/3.22.1) by extension 'python_setup_py'
[0.315s] Level 1:colcon.colcon_core.package_identification:_identify(CMakeFiles/3.22.1/CompilerIdC) by extensions ['ignore', 'ignore_ament_install']
[0.315s] Level 1:colcon.colcon_core.package_identification:_identify(CMakeFiles/3.22.1/CompilerIdC) by extension 'ignore'
[0.315s] Level 1:colcon.colcon_core.package_identification:_identify(CMakeFiles/3.22.1/CompilerIdC) by extension 'ignore_ament_install'
[0.315s] Level 1:colcon.colcon_core.package_identification:_identify(CMakeFiles/3.22.1/CompilerIdC) by extensions ['colcon_pkg']
[0.315s] Level 1:colcon.colcon_core.package_identification:_identify(CMakeFiles/3.22.1/CompilerIdC) by extension 'colcon_pkg'
[0.315s] Level 1:colcon.colcon_core.package_identification:_identify(CMakeFiles/3.22.1/CompilerIdC) by extensions ['colcon_meta']
[0.315s] Level 1:colcon.colcon_core.package_identification:_identify(CMakeFiles/3.22.1/CompilerIdC) by extension 'colcon_meta'
[0.315s] Level 1:colcon.colcon_core.package_identification:_identify(CMakeFiles/3.22.1/CompilerIdC) by extensions ['ros']
[0.315s] Level 1:colcon.colcon_core.package_identification:_identify(CMakeFiles/3.22.1/CompilerIdC) by extension 'ros'
[0.315s] Level 1:colcon.colcon_core.package_identification:_identify(CMakeFiles/3.22.1/CompilerIdC) by extensions ['cmake', 'python']
[0.315s] Level 1:colcon.colcon_core.package_identification:_identify(CMakeFiles/3.22.1/CompilerIdC) by extension 'cmake'
[0.316s] Level 1:colcon.colcon_core.package_identification:_identify(CMakeFiles/3.22.1/CompilerIdC) by extension 'python'
[0.316s] Level 1:colcon.colcon_core.package_identification:_identify(CMakeFiles/3.22.1/CompilerIdC) by extensions ['python_setup_py']
[0.316s] Level 1:colcon.colcon_core.package_identification:_identify(CMakeFiles/3.22.1/CompilerIdC) by extension 'python_setup_py'
[0.316s] Level 1:colcon.colcon_core.package_identification:_identify(CMakeFiles/3.22.1/CompilerIdC/tmp) by extensions ['ignore', 'ignore_ament_install']
[0.316s] Level 1:colcon.colcon_core.package_identification:_identify(CMakeFiles/3.22.1/CompilerIdC/tmp) by extension 'ignore'
[0.316s] Level 1:colcon.colcon_core.package_identification:_identify(CMakeFiles/3.22.1/CompilerIdC/tmp) by extension 'ignore_ament_install'
[0.316s] Level 1:colcon.colcon_core.package_identification:_identify(CMakeFiles/3.22.1/CompilerIdC/tmp) by extensions ['colcon_pkg']
[0.316s] Level 1:colcon.colcon_core.package_identification:_identify(CMakeFiles/3.22.1/CompilerIdC/tmp) by extension 'colcon_pkg'
[0.316s] Level 1:colcon.colcon_core.package_identification:_identify(CMakeFiles/3.22.1/CompilerIdC/tmp) by extensions ['colcon_meta']
[0.316s] Level 1:colcon.colcon_core.package_identification:_identify(CMakeFiles/3.22.1/CompilerIdC/tmp) by extension 'colcon_meta'
[0.316s] Level 1:colcon.colcon_core.package_identification:_identify(CMakeFiles/3.22.1/CompilerIdC/tmp) by extensions ['ros']
[0.316s] Level 1:colcon.colcon_core.package_identification:_identify(CMakeFiles/3.22.1/CompilerIdC/tmp) by extension 'ros'
[0.316s] Level 1:colcon.colcon_core.package_identification:_identify(CMakeFiles/3.22.1/CompilerIdC/tmp) by extensions ['cmake', 'python']
[0.316s] Level 1:colcon.colcon_core.package_identification:_identify(CMakeFiles/3.22.1/CompilerIdC/tmp) by extension 'cmake'
[0.316s] Level 1:colcon.colcon_core.package_identification:_identify(CMakeFiles/3.22.1/CompilerIdC/tmp) by extension 'python'
[0.316s] Level 1:colcon.colcon_core.package_identification:_identify(CMakeFiles/3.22.1/CompilerIdC/tmp) by extensions ['python_setup_py']
[0.316s] Level 1:colcon.colcon_core.package_identification:_identify(CMakeFiles/3.22.1/CompilerIdC/tmp) by extension 'python_setup_py'
[0.316s] Level 1:colcon.colcon_core.package_identification:_identify(CMakeFiles/3.22.1/CompilerIdCXX) by extensions ['ignore', 'ignore_ament_install']
[0.316s] Level 1:colcon.colcon_core.package_identification:_identify(CMakeFiles/3.22.1/CompilerIdCXX) by extension 'ignore'
[0.317s] Level 1:colcon.colcon_core.package_identification:_identify(CMakeFiles/3.22.1/CompilerIdCXX) by extension 'ignore_ament_install'
[0.317s] Level 1:colcon.colcon_core.package_identification:_identify(CMakeFiles/3.22.1/CompilerIdCXX) by extensions ['colcon_pkg']
[0.317s] Level 1:colcon.colcon_core.package_identification:_identify(CMakeFiles/3.22.1/CompilerIdCXX) by extension 'colcon_pkg'
[0.317s] Level 1:colcon.colcon_core.package_identification:_identify(CMakeFiles/3.22.1/CompilerIdCXX) by extensions ['colcon_meta']
[0.317s] Level 1:colcon.colcon_core.package_identification:_identify(CMakeFiles/3.22.1/CompilerIdCXX) by extension 'colcon_meta'
[0.317s] Level 1:colcon.colcon_core.package_identification:_identify(CMakeFiles/3.22.1/CompilerIdCXX) by extensions ['ros']
[0.317s] Level 1:colcon.colcon_core.package_identification:_identify(CMakeFiles/3.22.1/CompilerIdCXX) by extension 'ros'
[0.317s] Level 1:colcon.colcon_core.package_identification:_identify(CMakeFiles/3.22.1/CompilerIdCXX) by extensions ['cmake', 'python']
[0.317s] Level 1:colcon.colcon_core.package_identification:_identify(CMakeFiles/3.22.1/CompilerIdCXX) by extension 'cmake'
[0.317s] Level 1:colcon.colcon_core.package_identification:_identify(CMakeFiles/3.22.1/CompilerIdCXX) by extension 'python'
[0.317s] Level 1:colcon.colcon_core.package_identification:_identify(CMakeFiles/3.22.1/CompilerIdCXX) by extensions ['python_setup_py']
[0.317s] Level 1:colcon.colcon_core.package_identification:_identify(CMakeFiles/3.22.1/CompilerIdCXX) by extension 'python_setup_py'
[0.317s] Level 1:colcon.colcon_core.package_identification:_identify(CMakeFiles/3.22.1/CompilerIdCXX/tmp) by extensions ['ignore', 'ignore_ament_install']
[0.317s] Level 1:colcon.colcon_core.package_identification:_identify(CMakeFiles/3.22.1/CompilerIdCXX/tmp) by extension 'ignore'
[0.317s] Level 1:colcon.colcon_core.package_identification:_identify(CMakeFiles/3.22.1/CompilerIdCXX/tmp) by extension 'ignore_ament_install'
[0.317s] Level 1:colcon.colcon_core.package_identification:_identify(CMakeFiles/3.22.1/CompilerIdCXX/tmp) by extensions ['colcon_pkg']
[0.317s] Level 1:colcon.colcon_core.package_identification:_identify(CMakeFiles/3.22.1/CompilerIdCXX/tmp) by extension 'colcon_pkg'
[0.317s] Level 1:colcon.colcon_core.package_identification:_identify(CMakeFiles/3.22.1/CompilerIdCXX/tmp) by extensions ['colcon_meta']
[0.317s] Level 1:colcon.colcon_core.package_identification:_identify(CMakeFiles/3.22.1/CompilerIdCXX/tmp) by extension 'colcon_meta'
[0.317s] Level 1:colcon.colcon_core.package_identification:_identify(CMakeFiles/3.22.1/CompilerIdCXX/tmp) by extensions ['ros']
[0.318s] Level 1:colcon.colcon_core.package_identification:_identify(CMakeFiles/3.22.1/CompilerIdCXX/tmp) by extension 'ros'
[0.318s] Level 1:colcon.colcon_core.package_identification:_identify(CMakeFiles/3.22.1/CompilerIdCXX/tmp) by extensions ['cmake', 'python']
[0.318s] Level 1:colcon.colcon_core.package_identification:_identify(CMakeFiles/3.22.1/CompilerIdCXX/tmp) by extension 'cmake'
[0.318s] Level 1:colcon.colcon_core.package_identification:_identify(CMakeFiles/3.22.1/CompilerIdCXX/tmp) by extension 'python'
[0.318s] Level 1:colcon.colcon_core.package_identification:_identify(CMakeFiles/3.22.1/CompilerIdCXX/tmp) by extensions ['python_setup_py']
[0.318s] Level 1:colcon.colcon_core.package_identification:_identify(CMakeFiles/3.22.1/CompilerIdCXX/tmp) by extension 'python_setup_py'
[0.318s] Level 1:colcon.colcon_core.package_identification:_identify(CMakeFiles/CMakeTmp) by extensions ['ignore', 'ignore_ament_install']
[0.318s] Level 1:colcon.colcon_core.package_identification:_identify(CMakeFiles/CMakeTmp) by extension 'ignore'
[0.318s] Level 1:colcon.colcon_core.package_identification:_identify(CMakeFiles/CMakeTmp) by extension 'ignore_ament_install'
[0.318s] Level 1:colcon.colcon_core.package_identification:_identify(CMakeFiles/CMakeTmp) by extensions ['colcon_pkg']
[0.318s] Level 1:colcon.colcon_core.package_identification:_identify(CMakeFiles/CMakeTmp) by extension 'colcon_pkg'
[0.318s] Level 1:colcon.colcon_core.package_identification:_identify(CMakeFiles/CMakeTmp) by extensions ['colcon_meta']
[0.318s] Level 1:colcon.colcon_core.package_identification:_identify(CMakeFiles/CMakeTmp) by extension 'colcon_meta'
[0.318s] Level 1:colcon.colcon_core.package_identification:_identify(CMakeFiles/CMakeTmp) by extensions ['ros']
[0.318s] Level 1:colcon.colcon_core.package_identification:_identify(CMakeFiles/CMakeTmp) by extension 'ros'
[0.318s] Level 1:colcon.colcon_core.package_identification:_identify(CMakeFiles/CMakeTmp) by extensions ['cmake', 'python']
[0.318s] Level 1:colcon.colcon_core.package_identification:_identify(CMakeFiles/CMakeTmp) by extension 'cmake'
[0.318s] Level 1:colcon.colcon_core.package_identification:_identify(CMakeFiles/CMakeTmp) by extension 'python'
[0.318s] Level 1:colcon.colcon_core.package_identification:_identify(CMakeFiles/CMakeTmp) by extensions ['python_setup_py']
[0.318s] Level 1:colcon.colcon_core.package_identification:_identify(CMakeFiles/CMakeTmp) by extension 'python_setup_py'
[0.319s] Level 1:colcon.colcon_core.package_identification:_identify(CMakeFiles/lidar_node.dir) by extensions ['ignore', 'ignore_ament_install']
[0.319s] Level 1:colcon.colcon_core.package_identification:_identify(CMakeFiles/lidar_node.dir) by extension 'ignore'
[0.319s] Level 1:colcon.colcon_core.package_identification:_identify(CMakeFiles/lidar_node.dir) by extension 'ignore_ament_install'
[0.319s] Level 1:colcon.colcon_core.package_identification:_identify(CMakeFiles/lidar_node.dir) by extensions ['colcon_pkg']
[0.319s] Level 1:colcon.colcon_core.package_identification:_identify(CMakeFiles/lidar_node.dir) by extension 'colcon_pkg'
[0.319s] Level 1:colcon.colcon_core.package_identification:_identify(CMakeFiles/lidar_node.dir) by extensions ['colcon_meta']
[0.319s] Level 1:colcon.colcon_core.package_identification:_identify(CMakeFiles/lidar_node.dir) by extension 'colcon_meta'
[0.319s] Level 1:colcon.colcon_core.package_identification:_identify(CMakeFiles/lidar_node.dir) by extensions ['ros']
[0.319s] Level 1:colcon.colcon_core.package_identification:_identify(CMakeFiles/lidar_node.dir) by extension 'ros'
[0.319s] Level 1:colcon.colcon_core.package_identification:_identify(CMakeFiles/lidar_node.dir) by extensions ['cmake', 'python']
[0.319s] Level 1:colcon.colcon_core.package_identification:_identify(CMakeFiles/lidar_node.dir) by extension 'cmake'
[0.319s] Level 1:colcon.colcon_core.package_identification:_identify(CMakeFiles/lidar_node.dir) by extension 'python'
[0.319s] Level 1:colcon.colcon_core.package_identification:_identify(CMakeFiles/lidar_node.dir) by extensions ['python_setup_py']
[0.319s] Level 1:colcon.colcon_core.package_identification:_identify(CMakeFiles/lidar_node.dir) by extension 'python_setup_py'
[0.319s] Level 1:colcon.colcon_core.package_identification:_identify(build) by extensions ['ignore', 'ignore_ament_install']
[0.319s] Level 1:colcon.colcon_core.package_identification:_identify(build) by extension 'ignore'
[0.319s] Level 1:colcon.colcon_core.package_identification:_identify(build) ignored
[0.319s] Level 1:colcon.colcon_core.package_identification:_identify(install) by extensions ['ignore', 'ignore_ament_install']
[0.320s] Level 1:colcon.colcon_core.package_identification:_identify(install) by extension 'ignore'
[0.320s] Level 1:colcon.colcon_core.package_identification:_identify(install) ignored
[0.320s] Level 1:colcon.colcon_core.package_identification:_identify(log) by extensions ['ignore', 'ignore_ament_install']
[0.320s] Level 1:colcon.colcon_core.package_identification:_identify(log) by extension 'ignore'
[0.320s] Level 1:colcon.colcon_core.package_identification:_identify(log) ignored
[0.320s] Level 1:colcon.colcon_core.package_discovery:discover_packages(recursive) using defaults
[0.320s] Level 1:colcon.colcon_core.package_discovery:discover_packages(ignore) discover
[0.320s] Level 1:colcon.colcon_core.package_discovery:discover_packages(ignore) using defaults
[0.320s] Level 1:colcon.colcon_core.package_discovery:discover_packages(path) discover
[0.320s] Level 1:colcon.colcon_core.package_discovery:discover_packages(path) using defaults
[0.356s] Level 1:colcon.colcon_core.package_discovery:discover_packages(prefix_path) check parameters
[0.356s] Level 1:colcon.colcon_core.package_discovery:discover_packages(prefix_path) discover
[0.359s] DEBUG:colcon.colcon_installed_package_information.package_discovery:Found 295 installed packages in /opt/ros/humble
[0.360s] Level 1:colcon.colcon_core.package_discovery:discover_packages(prefix_path) using defaults
[0.401s] INFO:colcon.colcon_core.executor:Executing jobs using 'parallel' executor
[0.402s] DEBUG:colcon.colcon_parallel_executor.executor.parallel:run_until_complete
[0.402s] DEBUG:colcon.colcon_parallel_executor.executor.parallel:closing loop
[0.402s] DEBUG:colcon.colcon_parallel_executor.executor.parallel:loop closed
[0.402s] DEBUG:colcon.colcon_parallel_executor.executor.parallel:run_until_complete finished with '0'
[0.402s] DEBUG:colcon.colcon_core.event_reactor:joining thread
[0.408s] INFO:colcon.colcon_core.plugin_system:Skipping extension 'colcon_notification.desktop_notification.terminal_notifier': Not used on non-Darwin systems
[0.408s] INFO:colcon.colcon_core.plugin_system:Skipping extension 'colcon_notification.desktop_notification.win32': Not used on non-Windows systems
[0.408s] INFO:colcon.colcon_notification.desktop_notification:Sending desktop notification using 'notify2'
[0.422s] DEBUG:colcon.colcon_core.event_reactor:joined thread
[0.424s] INFO:colcon.colcon_core.plugin_system:Skipping extension 'colcon_core.shell.bat': Not used on non-Windows systems
[0.424s] INFO:colcon.colcon_core.shell:Creating prefix script '/home/sten/gazebo/4_gazebo_lidar/build/install/local_setup.ps1'
[0.426s] INFO:colcon.colcon_core.shell:Creating prefix util module '/home/sten/gazebo/4_gazebo_lidar/build/install/_local_setup_util_ps1.py'
[0.428s] INFO:colcon.colcon_core.shell:Creating prefix chain script '/home/sten/gazebo/4_gazebo_lidar/build/install/setup.ps1'
[0.429s] INFO:colcon.colcon_core.shell:Creating prefix script '/home/sten/gazebo/4_gazebo_lidar/build/install/local_setup.sh'
[0.430s] INFO:colcon.colcon_core.shell:Creating prefix util module '/home/sten/gazebo/4_gazebo_lidar/build/install/_local_setup_util_sh.py'
[0.430s] INFO:colcon.colcon_core.shell:Creating prefix chain script '/home/sten/gazebo/4_gazebo_lidar/build/install/setup.sh'
[0.431s] INFO:colcon.colcon_core.shell:Creating prefix script '/home/sten/gazebo/4_gazebo_lidar/build/install/local_setup.bash'
[0.432s] INFO:colcon.colcon_core.shell:Creating prefix chain script '/home/sten/gazebo/4_gazebo_lidar/build/install/setup.bash'
[0.432s] INFO:colcon.colcon_core.shell:Creating prefix script '/home/sten/gazebo/4_gazebo_lidar/build/install/local_setup.zsh'
[0.433s] INFO:colcon.colcon_core.shell:Creating prefix chain script '/home/sten/gazebo/4_gazebo_lidar/build/install/setup.zsh'
